<?xml version="1.0" encoding="UTF-8"?>
<!-- Generated by org.testng.reporters.JUnitReportReporter -->
<testsuite hostname="Mds-MacBook-Pro" failures="0" tests="1" name="com.dockerjenkinsmaven.www.tests.homeTest" time="7.589" errors="0" timestamp="2023-07-09T01:28:09 EDT" skipped="0">
  <testcase classname="com.dockerjenkinsmaven.www.tests.homeTest" name="testmethod" time="7.589"/>
  <system-out/>
</testsuite> <!-- com.dockerjenkinsmaven.www.tests.homeTest -->
